2021-11-26T06:04:09.324204-00:00 0 [System] [MY-013169] [Server] /usr/sbin/mysqld (mysqld 8.0.27) initializing of server in progress as process 43
2021-11-26T06:04:09.343437-00:00 0 [Warning] [MY-010159] [Server] Setting lower_case_table_names=2 because file system for /var/lib/mysql/ is case insensitive
2021-11-26T06:04:09.374419-00:00 1 [System] [MY-013576] [InnoDB] InnoDB initialization has started.
2021-11-26T06:04:13.647936-00:00 1 [System] [MY-013577] [InnoDB] InnoDB initialization has ended.
2021-11-26T06:04:18.511473-00:00 0 [Warning] [MY-013746] [Server] A deprecated TLS version TLSv1 is enabled for channel mysql_main
2021-11-26T06:04:18.511915-00:00 0 [Warning] [MY-013746] [Server] A deprecated TLS version TLSv1.1 is enabled for channel mysql_main
2021-11-26T06:04:18.624597-00:00 6 [Warning] [MY-010453] [Server] root@localhost is created with an empty password ! Please consider switching off the --initialize-insecure option.
2021-11-26T06:04:32.478413-00:00 0 [System] [MY-010116] [Server] /usr/sbin/mysqld (mysqld 8.0.27) starting as process 92
2021-11-26T06:04:32.491238-00:00 0 [Warning] [MY-010159] [Server] Setting lower_case_table_names=2 because file system for /var/lib/mysql/ is case insensitive
2021-11-26T06:04:32.552345-00:00 1 [System] [MY-013576] [InnoDB] InnoDB initialization has started.
2021-11-26T06:04:37.888227-00:00 1 [System] [MY-013577] [InnoDB] InnoDB initialization has ended.
2021-11-26T06:04:39.244241-00:00 0 [Warning] [MY-013746] [Server] A deprecated TLS version TLSv1 is enabled for channel mysql_main
2021-11-26T06:04:39.244669-00:00 0 [Warning] [MY-013746] [Server] A deprecated TLS version TLSv1.1 is enabled for channel mysql_main
2021-11-26T06:04:39.259001-00:00 0 [Warning] [MY-010068] [Server] CA certificate ca.pem is self signed.
2021-11-26T06:04:39.259781-00:00 0 [System] [MY-013602] [Server] Channel mysql_main configured to support TLS. Encrypted connections are now supported for this channel.
2021-11-26T06:04:39.302515-00:00 0 [Warning] [MY-011810] [Server] Insecure configuration for --pid-file: Location '/var/run/mysqld' in the path is accessible to all OS users. Consider choosing a different directory.
2021-11-26T06:04:39.448665-00:00 0 [System] [MY-011323] [Server] X Plugin ready for connections. Socket: /var/run/mysqld/mysqlx.sock
2021-11-26T06:04:39.448851-00:00 0 [System] [MY-010931] [Server] /usr/sbin/mysqld: ready for connections. Version: '8.0.27'  socket: '/var/run/mysqld/mysqld.sock'  port: 0  MySQL Community Server - GPL.
2021-11-26T06:04:49.203025-00:00 13 [System] [MY-013172] [Server] Received SHUTDOWN from user root. Shutting down mysqld (Version: 8.0.27).
2021-11-26T06:04:52.418808-00:00 0 [System] [MY-010910] [Server] /usr/sbin/mysqld: Shutdown complete (mysqld 8.0.27)  MySQL Community Server - GPL.
2021-11-26T06:04:53.591346-00:00 0 [System] [MY-010116] [Server] /usr/sbin/mysqld (mysqld 8.0.27) starting as process 1
2021-11-26T06:04:53.607111-00:00 0 [Warning] [MY-010159] [Server] Setting lower_case_table_names=2 because file system for /var/lib/mysql/ is case insensitive
2021-11-26T06:04:53.718347-00:00 1 [System] [MY-013576] [InnoDB] InnoDB initialization has started.
2021-11-26T06:04:56.284821-00:00 1 [System] [MY-013577] [InnoDB] InnoDB initialization has ended.
2021-11-26T06:04:57.889510-00:00 0 [Warning] [MY-013746] [Server] A deprecated TLS version TLSv1 is enabled for channel mysql_main
2021-11-26T06:04:57.889885-00:00 0 [Warning] [MY-013746] [Server] A deprecated TLS version TLSv1.1 is enabled for channel mysql_main
2021-11-26T06:04:57.903316-00:00 0 [Warning] [MY-010068] [Server] CA certificate ca.pem is self signed.
2021-11-26T06:04:57.904172-00:00 0 [System] [MY-013602] [Server] Channel mysql_main configured to support TLS. Encrypted connections are now supported for this channel.
2021-11-26T06:04:57.932158-00:00 0 [Warning] [MY-011810] [Server] Insecure configuration for --pid-file: Location '/var/run/mysqld' in the path is accessible to all OS users. Consider choosing a different directory.
2021-11-26T06:04:58.034700-00:00 0 [System] [MY-011323] [Server] X Plugin ready for connections. Bind-address: '::' port: 33060, socket: /var/run/mysqld/mysqlx.sock
2021-11-26T06:04:58.035216-00:00 0 [System] [MY-010931] [Server] /usr/sbin/mysqld: ready for connections. Version: '8.0.27'  socket: '/var/run/mysqld/mysqld.sock'  port: 3306  MySQL Community Server - GPL.
2021-11-26T06:12:28.155702-00:00 0 [System] [MY-013172] [Server] Received SHUTDOWN from user <via user signal>. Shutting down mysqld (Version: 8.0.27).
2021-11-26T06:12:29.705203-00:00 0 [System] [MY-010910] [Server] /usr/sbin/mysqld: Shutdown complete (mysqld 8.0.27)  MySQL Community Server - GPL.
2021-11-26T06:14:22.583455-00:00 0 [System] [MY-010116] [Server] /usr/sbin/mysqld (mysqld 8.0.27) starting as process 1
2021-11-26T06:14:22.593997-00:00 0 [Warning] [MY-010159] [Server] Setting lower_case_table_names=2 because file system for /var/lib/mysql/ is case insensitive
2021-11-26T06:14:22.636463-00:00 1 [System] [MY-013576] [InnoDB] InnoDB initialization has started.
2021-11-26T06:14:24.424298-00:00 1 [System] [MY-013577] [InnoDB] InnoDB initialization has ended.
2021-11-26T06:14:25.104767-00:00 0 [Warning] [MY-013746] [Server] A deprecated TLS version TLSv1 is enabled for channel mysql_main
2021-11-26T06:14:25.105331-00:00 0 [Warning] [MY-013746] [Server] A deprecated TLS version TLSv1.1 is enabled for channel mysql_main
2021-11-26T06:14:25.127220-00:00 0 [Warning] [MY-010068] [Server] CA certificate ca.pem is self signed.
2021-11-26T06:14:25.128836-00:00 0 [System] [MY-013602] [Server] Channel mysql_main configured to support TLS. Encrypted connections are now supported for this channel.
2021-11-26T06:14:25.315104-00:00 0 [Warning] [MY-011810] [Server] Insecure configuration for --pid-file: Location '/var/run/mysqld' in the path is accessible to all OS users. Consider choosing a different directory.
2021-11-26T06:14:25.446292-00:00 0 [System] [MY-011323] [Server] X Plugin ready for connections. Bind-address: '::' port: 33060, socket: /var/run/mysqld/mysqlx.sock
2021-11-26T06:14:25.446554-00:00 0 [System] [MY-010931] [Server] /usr/sbin/mysqld: ready for connections. Version: '8.0.27'  socket: '/var/run/mysqld/mysqld.sock'  port: 3306  MySQL Community Server - GPL.
2021-11-26T06:17:49.953314-00:00 0 [System] [MY-013172] [Server] Received SHUTDOWN from user <via user signal>. Shutting down mysqld (Version: 8.0.27).
2021-11-26T06:17:51.283069-00:00 0 [System] [MY-010910] [Server] /usr/sbin/mysqld: Shutdown complete (mysqld 8.0.27)  MySQL Community Server - GPL.
2021-11-26T06:18:15.296871-00:00 0 [System] [MY-010116] [Server] /usr/sbin/mysqld (mysqld 8.0.27) starting as process 1
2021-11-26T06:18:15.309416-00:00 0 [Warning] [MY-010159] [Server] Setting lower_case_table_names=2 because file system for /var/lib/mysql/ is case insensitive
2021-11-26T06:18:15.358355-00:00 1 [System] [MY-013576] [InnoDB] InnoDB initialization has started.
2021-11-26T06:18:16.899864-00:00 1 [System] [MY-013577] [InnoDB] InnoDB initialization has ended.
2021-11-26T06:18:17.504265-00:00 0 [Warning] [MY-013746] [Server] A deprecated TLS version TLSv1 is enabled for channel mysql_main
2021-11-26T06:18:17.504702-00:00 0 [Warning] [MY-013746] [Server] A deprecated TLS version TLSv1.1 is enabled for channel mysql_main
2021-11-26T06:18:17.521874-00:00 0 [Warning] [MY-010068] [Server] CA certificate ca.pem is self signed.
2021-11-26T06:18:17.523052-00:00 0 [System] [MY-013602] [Server] Channel mysql_main configured to support TLS. Encrypted connections are now supported for this channel.
2021-11-26T06:18:17.553492-00:00 0 [Warning] [MY-011810] [Server] Insecure configuration for --pid-file: Location '/var/run/mysqld' in the path is accessible to all OS users. Consider choosing a different directory.
2021-11-26T06:18:17.653642-00:00 0 [System] [MY-011323] [Server] X Plugin ready for connections. Bind-address: '::' port: 33060, socket: /var/run/mysqld/mysqlx.sock
2021-11-26T06:18:17.653897-00:00 0 [System] [MY-010931] [Server] /usr/sbin/mysqld: ready for connections. Version: '8.0.27'  socket: '/var/run/mysqld/mysqld.sock'  port: 3306  MySQL Community Server - GPL.
2021-11-26T14:45:59.671293-00:00 0 [System] [MY-013172] [Server] Received SHUTDOWN from user <via user signal>. Shutting down mysqld (Version: 8.0.27).
2021-11-26T14:46:01.373986-00:00 0 [System] [MY-010910] [Server] /usr/sbin/mysqld: Shutdown complete (mysqld 8.0.27)  MySQL Community Server - GPL.
2021-11-27T11:42:10.763752-00:00 0 [System] [MY-010116] [Server] /usr/sbin/mysqld (mysqld 8.0.27) starting as process 1
2021-11-27T11:42:10.780860-00:00 0 [Warning] [MY-010159] [Server] Setting lower_case_table_names=2 because file system for /var/lib/mysql/ is case insensitive
2021-11-27T11:42:10.862770-00:00 1 [System] [MY-013576] [InnoDB] InnoDB initialization has started.
2021-11-27T11:42:12.764525-00:00 1 [System] [MY-013577] [InnoDB] InnoDB initialization has ended.
2021-11-27T11:42:13.397954-00:00 0 [Warning] [MY-013746] [Server] A deprecated TLS version TLSv1 is enabled for channel mysql_main
2021-11-27T11:42:13.398303-00:00 0 [Warning] [MY-013746] [Server] A deprecated TLS version TLSv1.1 is enabled for channel mysql_main
2021-11-27T11:42:13.440274-00:00 0 [Warning] [MY-010068] [Server] CA certificate ca.pem is self signed.
2021-11-27T11:42:13.441209-00:00 0 [System] [MY-013602] [Server] Channel mysql_main configured to support TLS. Encrypted connections are now supported for this channel.
2021-11-27T11:42:13.484041-00:00 0 [Warning] [MY-011810] [Server] Insecure configuration for --pid-file: Location '/var/run/mysqld' in the path is accessible to all OS users. Consider choosing a different directory.
2021-11-27T11:42:13.677500-00:00 0 [System] [MY-011323] [Server] X Plugin ready for connections. Bind-address: '::' port: 33060, socket: /var/run/mysqld/mysqlx.sock
2021-11-27T11:42:13.677843-00:00 0 [System] [MY-010931] [Server] /usr/sbin/mysqld: ready for connections. Version: '8.0.27'  socket: '/var/run/mysqld/mysqld.sock'  port: 3306  MySQL Community Server - GPL.
2021-11-28T02:04:20.917249-00:00 0 [System] [MY-013172] [Server] Received SHUTDOWN from user <via user signal>. Shutting down mysqld (Version: 8.0.27).
2021-11-28T02:04:22.310727-00:00 0 [System] [MY-010910] [Server] /usr/sbin/mysqld: Shutdown complete (mysqld 8.0.27)  MySQL Community Server - GPL.
2021-12-02T14:31:26.851127-00:00 0 [System] [MY-010116] [Server] /usr/sbin/mysqld (mysqld 8.0.27) starting as process 1
2021-12-02T14:31:26.865940-00:00 0 [Warning] [MY-010159] [Server] Setting lower_case_table_names=2 because file system for /var/lib/mysql/ is case insensitive
2021-12-02T14:31:26.928815-00:00 1 [System] [MY-013576] [InnoDB] InnoDB initialization has started.
2021-12-02T14:31:29.085400-00:00 1 [System] [MY-013577] [InnoDB] InnoDB initialization has ended.
2021-12-02T14:31:29.971748-00:00 0 [Warning] [MY-013746] [Server] A deprecated TLS version TLSv1 is enabled for channel mysql_main
2021-12-02T14:31:29.972104-00:00 0 [Warning] [MY-013746] [Server] A deprecated TLS version TLSv1.1 is enabled for channel mysql_main
2021-12-02T14:31:30.032849-00:00 0 [Warning] [MY-010068] [Server] CA certificate ca.pem is self signed.
2021-12-02T14:31:30.033920-00:00 0 [System] [MY-013602] [Server] Channel mysql_main configured to support TLS. Encrypted connections are now supported for this channel.
2021-12-02T14:31:30.085907-00:00 0 [Warning] [MY-011810] [Server] Insecure configuration for --pid-file: Location '/var/run/mysqld' in the path is accessible to all OS users. Consider choosing a different directory.
2021-12-02T14:31:30.210415-00:00 0 [System] [MY-011323] [Server] X Plugin ready for connections. Bind-address: '::' port: 33060, socket: /var/run/mysqld/mysqlx.sock
2021-12-02T14:31:30.210686-00:00 0 [System] [MY-010931] [Server] /usr/sbin/mysqld: ready for connections. Version: '8.0.27'  socket: '/var/run/mysqld/mysqld.sock'  port: 3306  MySQL Community Server - GPL.
2021-12-03T07:25:45.017553-00:00 0 [System] [MY-013172] [Server] Received SHUTDOWN from user <via user signal>. Shutting down mysqld (Version: 8.0.27).
2021-12-03T07:25:47.148612-00:00 0 [Warning] [MY-010909] [Server] /usr/sbin/mysqld: Forcing close of thread 13  user: 'root'.
2021-12-03T07:25:49.152692-00:00 0 [System] [MY-010910] [Server] /usr/sbin/mysqld: Shutdown complete (mysqld 8.0.27)  MySQL Community Server - GPL.
2021-12-08T02:07:28.197134-00:00 0 [System] [MY-010116] [Server] /usr/sbin/mysqld (mysqld 8.0.27) starting as process 1
2021-12-08T02:07:28.217566-00:00 0 [Warning] [MY-010159] [Server] Setting lower_case_table_names=2 because file system for /var/lib/mysql/ is case insensitive
2021-12-08T02:07:28.347631-00:00 1 [System] [MY-013576] [InnoDB] InnoDB initialization has started.
2021-12-08T02:07:30.492195-00:00 1 [System] [MY-013577] [InnoDB] InnoDB initialization has ended.
2021-12-08T02:07:31.540431-00:00 0 [Warning] [MY-013746] [Server] A deprecated TLS version TLSv1 is enabled for channel mysql_main
2021-12-08T02:07:31.540911-00:00 0 [Warning] [MY-013746] [Server] A deprecated TLS version TLSv1.1 is enabled for channel mysql_main
2021-12-08T02:07:31.668710-00:00 0 [Warning] [MY-010068] [Server] CA certificate ca.pem is self signed.
2021-12-08T02:07:31.669663-00:00 0 [System] [MY-013602] [Server] Channel mysql_main configured to support TLS. Encrypted connections are now supported for this channel.
2021-12-08T02:07:31.726762-00:00 0 [Warning] [MY-011810] [Server] Insecure configuration for --pid-file: Location '/var/run/mysqld' in the path is accessible to all OS users. Consider choosing a different directory.
2021-12-08T02:07:31.844074-00:00 0 [System] [MY-011323] [Server] X Plugin ready for connections. Bind-address: '::' port: 33060, socket: /var/run/mysqld/mysqlx.sock
2021-12-08T02:07:31.846135-00:00 0 [System] [MY-010931] [Server] /usr/sbin/mysqld: ready for connections. Version: '8.0.27'  socket: '/var/run/mysqld/mysqld.sock'  port: 3306  MySQL Community Server - GPL.
2021-12-08T06:02:51.328688-00:00 0 [System] [MY-013172] [Server] Received SHUTDOWN from user <via user signal>. Shutting down mysqld (Version: 8.0.27).
2021-12-08T06:02:55.527529-00:00 0 [System] [MY-010910] [Server] /usr/sbin/mysqld: Shutdown complete (mysqld 8.0.27)  MySQL Community Server - GPL.
2021-12-11T13:02:00.964897-00:00 0 [System] [MY-010116] [Server] /usr/sbin/mysqld (mysqld 8.0.27) starting as process 1
2021-12-11T13:02:01.096884-00:00 0 [Warning] [MY-010159] [Server] Setting lower_case_table_names=2 because file system for /var/lib/mysql/ is case insensitive
2021-12-11T13:02:01.351545-00:00 1 [System] [MY-013576] [InnoDB] InnoDB initialization has started.
2021-12-11T13:02:04.555154-00:00 1 [System] [MY-013577] [InnoDB] InnoDB initialization has ended.
2021-12-11T13:02:05.487261-00:00 0 [Warning] [MY-013746] [Server] A deprecated TLS version TLSv1 is enabled for channel mysql_main
2021-12-11T13:02:05.487636-00:00 0 [Warning] [MY-013746] [Server] A deprecated TLS version TLSv1.1 is enabled for channel mysql_main
2021-12-11T13:02:05.553787-00:00 0 [Warning] [MY-010068] [Server] CA certificate ca.pem is self signed.
2021-12-11T13:02:05.554826-00:00 0 [System] [MY-013602] [Server] Channel mysql_main configured to support TLS. Encrypted connections are now supported for this channel.
2021-12-11T13:02:05.614470-00:00 0 [Warning] [MY-011810] [Server] Insecure configuration for --pid-file: Location '/var/run/mysqld' in the path is accessible to all OS users. Consider choosing a different directory.
2021-12-11T13:02:05.767671-00:00 0 [System] [MY-011323] [Server] X Plugin ready for connections. Bind-address: '::' port: 33060, socket: /var/run/mysqld/mysqlx.sock
2021-12-11T13:02:05.768329-00:00 0 [System] [MY-010931] [Server] /usr/sbin/mysqld: ready for connections. Version: '8.0.27'  socket: '/var/run/mysqld/mysqld.sock'  port: 3306  MySQL Community Server - GPL.
2021-12-12T02:03:14.187218-00:00 0 [System] [MY-013172] [Server] Received SHUTDOWN from user <via user signal>. Shutting down mysqld (Version: 8.0.27).
2021-12-12T02:03:16.388531-00:00 0 [Warning] [MY-010909] [Server] /usr/sbin/mysqld: Forcing close of thread 23  user: 'laravel'.
2021-12-12T02:03:19.159190-00:00 0 [System] [MY-010910] [Server] /usr/sbin/mysqld: Shutdown complete (mysqld 8.0.27)  MySQL Community Server - GPL.
2021-12-15T14:14:48.919578-00:00 0 [System] [MY-010116] [Server] /usr/sbin/mysqld (mysqld 8.0.27) starting as process 1
2021-12-15T14:14:48.936621-00:00 0 [Warning] [MY-010159] [Server] Setting lower_case_table_names=2 because file system for /var/lib/mysql/ is case insensitive
2021-12-15T14:14:49.000464-00:00 1 [System] [MY-013576] [InnoDB] InnoDB initialization has started.
2021-12-15T14:14:51.069445-00:00 1 [System] [MY-013577] [InnoDB] InnoDB initialization has ended.
2021-12-15T14:14:52.086560-00:00 0 [Warning] [MY-013746] [Server] A deprecated TLS version TLSv1 is enabled for channel mysql_main
2021-12-15T14:14:52.086894-00:00 0 [Warning] [MY-013746] [Server] A deprecated TLS version TLSv1.1 is enabled for channel mysql_main
2021-12-15T14:14:52.138249-00:00 0 [Warning] [MY-010068] [Server] CA certificate ca.pem is self signed.
2021-12-15T14:14:52.139048-00:00 0 [System] [MY-013602] [Server] Channel mysql_main configured to support TLS. Encrypted connections are now supported for this channel.
2021-12-15T14:14:52.195276-00:00 0 [Warning] [MY-011810] [Server] Insecure configuration for --pid-file: Location '/var/run/mysqld' in the path is accessible to all OS users. Consider choosing a different directory.
2021-12-15T14:14:52.280665-00:00 0 [System] [MY-011323] [Server] X Plugin ready for connections. Bind-address: '::' port: 33060, socket: /var/run/mysqld/mysqlx.sock
2021-12-15T14:14:52.280904-00:00 0 [System] [MY-010931] [Server] /usr/sbin/mysqld: ready for connections. Version: '8.0.27'  socket: '/var/run/mysqld/mysqld.sock'  port: 3306  MySQL Community Server - GPL.
2021-12-17T08:39:12.675855-00:00 0 [System] [MY-013172] [Server] Received SHUTDOWN from user <via user signal>. Shutting down mysqld (Version: 8.0.27).
2021-12-17T08:39:14.036344-00:00 0 [System] [MY-010910] [Server] /usr/sbin/mysqld: Shutdown complete (mysqld 8.0.27)  MySQL Community Server - GPL.
2021-12-22T00:54:43.743401-00:00 0 [System] [MY-010116] [Server] /usr/sbin/mysqld (mysqld 8.0.27) starting as process 1
2021-12-22T00:54:43.764150-00:00 0 [Warning] [MY-010159] [Server] Setting lower_case_table_names=2 because file system for /var/lib/mysql/ is case insensitive
2021-12-22T00:54:43.944716-00:00 1 [System] [MY-013576] [InnoDB] InnoDB initialization has started.
2021-12-22T00:54:45.876179-00:00 1 [System] [MY-013577] [InnoDB] InnoDB initialization has ended.
2021-12-22T00:54:46.579097-00:00 0 [Warning] [MY-013746] [Server] A deprecated TLS version TLSv1 is enabled for channel mysql_main
2021-12-22T00:54:46.579509-00:00 0 [Warning] [MY-013746] [Server] A deprecated TLS version TLSv1.1 is enabled for channel mysql_main
2021-12-22T00:54:46.623322-00:00 0 [Warning] [MY-010068] [Server] CA certificate ca.pem is self signed.
2021-12-22T00:54:46.624614-00:00 0 [System] [MY-013602] [Server] Channel mysql_main configured to support TLS. Encrypted connections are now supported for this channel.
2021-12-22T00:54:46.669886-00:00 0 [Warning] [MY-011810] [Server] Insecure configuration for --pid-file: Location '/var/run/mysqld' in the path is accessible to all OS users. Consider choosing a different directory.
2021-12-22T00:54:46.858672-00:00 0 [System] [MY-011323] [Server] X Plugin ready for connections. Bind-address: '::' port: 33060, socket: /var/run/mysqld/mysqlx.sock
2021-12-22T00:54:46.858990-00:00 0 [System] [MY-010931] [Server] /usr/sbin/mysqld: ready for connections. Version: '8.0.27'  socket: '/var/run/mysqld/mysqld.sock'  port: 3306  MySQL Community Server - GPL.
2021-12-23T04:26:22.562730-00:00 0 [System] [MY-013172] [Server] Received SHUTDOWN from user <via user signal>. Shutting down mysqld (Version: 8.0.27).
2021-12-23T04:26:24.270455-00:00 0 [System] [MY-010910] [Server] /usr/sbin/mysqld: Shutdown complete (mysqld 8.0.27)  MySQL Community Server - GPL.
2021-12-23T16:45:16.818374-00:00 0 [System] [MY-010116] [Server] /usr/sbin/mysqld (mysqld 8.0.27) starting as process 1
2021-12-23T16:45:16.853798-00:00 0 [Warning] [MY-010159] [Server] Setting lower_case_table_names=2 because file system for /var/lib/mysql/ is case insensitive
2021-12-23T16:45:17.059355-00:00 1 [System] [MY-013576] [InnoDB] InnoDB initialization has started.
2021-12-23T16:45:20.384560-00:00 1 [System] [MY-013577] [InnoDB] InnoDB initialization has ended.
2021-12-23T16:45:21.161795-00:00 0 [Warning] [MY-013746] [Server] A deprecated TLS version TLSv1 is enabled for channel mysql_main
2021-12-23T16:45:21.162137-00:00 0 [Warning] [MY-013746] [Server] A deprecated TLS version TLSv1.1 is enabled for channel mysql_main
2021-12-23T16:45:21.206474-00:00 0 [Warning] [MY-010068] [Server] CA certificate ca.pem is self signed.
2021-12-23T16:45:21.207651-00:00 0 [System] [MY-013602] [Server] Channel mysql_main configured to support TLS. Encrypted connections are now supported for this channel.
2021-12-23T16:45:21.256805-00:00 0 [Warning] [MY-011810] [Server] Insecure configuration for --pid-file: Location '/var/run/mysqld' in the path is accessible to all OS users. Consider choosing a different directory.
2021-12-23T16:45:21.359137-00:00 0 [System] [MY-011323] [Server] X Plugin ready for connections. Bind-address: '::' port: 33060, socket: /var/run/mysqld/mysqlx.sock
2021-12-23T16:45:21.359421-00:00 0 [System] [MY-010931] [Server] /usr/sbin/mysqld: ready for connections. Version: '8.0.27'  socket: '/var/run/mysqld/mysqld.sock'  port: 3306  MySQL Community Server - GPL.
2021-12-24T03:25:02.927776-00:00 0 [System] [MY-013172] [Server] Received SHUTDOWN from user <via user signal>. Shutting down mysqld (Version: 8.0.27).
2021-12-24T03:25:04.186810-00:00 0 [System] [MY-010910] [Server] /usr/sbin/mysqld: Shutdown complete (mysqld 8.0.27)  MySQL Community Server - GPL.
2021-12-26T15:20:59.797456-00:00 0 [System] [MY-010116] [Server] /usr/sbin/mysqld (mysqld 8.0.27) starting as process 1
2021-12-26T15:20:59.813062-00:00 0 [Warning] [MY-010159] [Server] Setting lower_case_table_names=2 because file system for /var/lib/mysql/ is case insensitive
2021-12-26T15:20:59.890997-00:00 1 [System] [MY-013576] [InnoDB] InnoDB initialization has started.
2021-12-26T15:21:01.982721-00:00 1 [System] [MY-013577] [InnoDB] InnoDB initialization has ended.
2021-12-26T15:21:02.855776-00:00 0 [Warning] [MY-013746] [Server] A deprecated TLS version TLSv1 is enabled for channel mysql_main
2021-12-26T15:21:02.856136-00:00 0 [Warning] [MY-013746] [Server] A deprecated TLS version TLSv1.1 is enabled for channel mysql_main
2021-12-26T15:21:02.904916-00:00 0 [Warning] [MY-010068] [Server] CA certificate ca.pem is self signed.
2021-12-26T15:21:02.905932-00:00 0 [System] [MY-013602] [Server] Channel mysql_main configured to support TLS. Encrypted connections are now supported for this channel.
2021-12-26T15:21:03.003443-00:00 0 [Warning] [MY-011810] [Server] Insecure configuration for --pid-file: Location '/var/run/mysqld' in the path is accessible to all OS users. Consider choosing a different directory.
2021-12-26T15:21:03.206593-00:00 0 [System] [MY-011323] [Server] X Plugin ready for connections. Bind-address: '::' port: 33060, socket: /var/run/mysqld/mysqlx.sock
2021-12-26T15:21:03.206897-00:00 0 [System] [MY-010931] [Server] /usr/sbin/mysqld: ready for connections. Version: '8.0.27'  socket: '/var/run/mysqld/mysqld.sock'  port: 3306  MySQL Community Server - GPL.
2022-01-08T03:32:37.181969-00:00 0 [System] [MY-013172] [Server] Received SHUTDOWN from user <via user signal>. Shutting down mysqld (Version: 8.0.27).
2022-01-08T03:32:39.241182-00:00 0 [System] [MY-010910] [Server] /usr/sbin/mysqld: Shutdown complete (mysqld 8.0.27)  MySQL Community Server - GPL.
2022-01-08T13:58:17.635874-00:00 0 [System] [MY-010116] [Server] /usr/sbin/mysqld (mysqld 8.0.27) starting as process 1
2022-01-08T13:58:17.649384-00:00 0 [Warning] [MY-010159] [Server] Setting lower_case_table_names=2 because file system for /var/lib/mysql/ is case insensitive
2022-01-08T13:58:17.729428-00:00 1 [System] [MY-013576] [InnoDB] InnoDB initialization has started.
2022-01-08T13:58:19.450469-00:00 1 [System] [MY-013577] [InnoDB] InnoDB initialization has ended.
2022-01-08T13:58:20.298909-00:00 0 [Warning] [MY-013746] [Server] A deprecated TLS version TLSv1 is enabled for channel mysql_main
2022-01-08T13:58:20.299451-00:00 0 [Warning] [MY-013746] [Server] A deprecated TLS version TLSv1.1 is enabled for channel mysql_main
2022-01-08T13:58:20.360416-00:00 0 [Warning] [MY-010068] [Server] CA certificate ca.pem is self signed.
2022-01-08T13:58:20.361298-00:00 0 [System] [MY-013602] [Server] Channel mysql_main configured to support TLS. Encrypted connections are now supported for this channel.
2022-01-08T13:58:20.403327-00:00 0 [Warning] [MY-011810] [Server] Insecure configuration for --pid-file: Location '/var/run/mysqld' in the path is accessible to all OS users. Consider choosing a different directory.
2022-01-08T13:58:20.531395-00:00 0 [System] [MY-011323] [Server] X Plugin ready for connections. Bind-address: '::' port: 33060, socket: /var/run/mysqld/mysqlx.sock
2022-01-08T13:58:20.531822-00:00 0 [System] [MY-010931] [Server] /usr/sbin/mysqld: ready for connections. Version: '8.0.27'  socket: '/var/run/mysqld/mysqld.sock'  port: 3306  MySQL Community Server - GPL.
mbind: Operation not permitted
2022-01-15T14:51:46.964585-00:00 0 [System] [MY-010116] [Server] /usr/sbin/mysqld (mysqld 8.0.27) starting as process 1
2022-01-15T14:51:47.113573-00:00 0 [Warning] [MY-010159] [Server] Setting lower_case_table_names=2 because file system for /var/lib/mysql/ is case insensitive
2022-01-15T14:51:47.279955-00:00 1 [System] [MY-013576] [InnoDB] InnoDB initialization has started.
2022-01-15T14:51:51.221989-00:00 1 [System] [MY-013577] [InnoDB] InnoDB initialization has ended.
2022-01-15T14:51:51.894874-00:00 0 [System] [MY-010229] [Server] Starting XA crash recovery...
2022-01-15T14:51:51.900943-00:00 0 [System] [MY-010232] [Server] XA crash recovery finished.
2022-01-15T14:51:52.101367-00:00 0 [Warning] [MY-013746] [Server] A deprecated TLS version TLSv1 is enabled for channel mysql_main
2022-01-15T14:51:52.101784-00:00 0 [Warning] [MY-013746] [Server] A deprecated TLS version TLSv1.1 is enabled for channel mysql_main
2022-01-15T14:51:52.147699-00:00 0 [Warning] [MY-010068] [Server] CA certificate ca.pem is self signed.
2022-01-15T14:51:52.148814-00:00 0 [System] [MY-013602] [Server] Channel mysql_main configured to support TLS. Encrypted connections are now supported for this channel.
2022-01-15T14:51:52.192634-00:00 0 [Warning] [MY-011810] [Server] Insecure configuration for --pid-file: Location '/var/run/mysqld' in the path is accessible to all OS users. Consider choosing a different directory.
2022-01-15T14:51:52.292839-00:00 0 [System] [MY-011323] [Server] X Plugin ready for connections. Bind-address: '::' port: 33060, socket: /var/run/mysqld/mysqlx.sock
2022-01-15T14:51:52.293083-00:00 0 [System] [MY-010931] [Server] /usr/sbin/mysqld: ready for connections. Version: '8.0.27'  socket: '/var/run/mysqld/mysqld.sock'  port: 3306  MySQL Community Server - GPL.
2022-01-22T12:27:58.881517-00:00 0 [System] [MY-010116] [Server] /usr/sbin/mysqld (mysqld 8.0.27) starting as process 1
2022-01-22T12:27:58.897980-00:00 0 [Warning] [MY-010159] [Server] Setting lower_case_table_names=2 because file system for /var/lib/mysql/ is case insensitive
2022-01-22T12:27:58.974460-00:00 1 [System] [MY-013576] [InnoDB] InnoDB initialization has started.
2022-01-22T12:28:01.207416-00:00 1 [System] [MY-013577] [InnoDB] InnoDB initialization has ended.
2022-01-22T12:28:01.794467-00:00 0 [System] [MY-010229] [Server] Starting XA crash recovery...
2022-01-22T12:28:01.815796-00:00 0 [System] [MY-010232] [Server] XA crash recovery finished.
2022-01-22T12:28:02.027401-00:00 0 [Warning] [MY-013746] [Server] A deprecated TLS version TLSv1 is enabled for channel mysql_main
2022-01-22T12:28:02.027848-00:00 0 [Warning] [MY-013746] [Server] A deprecated TLS version TLSv1.1 is enabled for channel mysql_main
2022-01-22T12:28:02.074468-00:00 0 [Warning] [MY-010068] [Server] CA certificate ca.pem is self signed.
2022-01-22T12:28:02.075761-00:00 0 [System] [MY-013602] [Server] Channel mysql_main configured to support TLS. Encrypted connections are now supported for this channel.
2022-01-22T12:28:02.120877-00:00 0 [Warning] [MY-011810] [Server] Insecure configuration for --pid-file: Location '/var/run/mysqld' in the path is accessible to all OS users. Consider choosing a different directory.
2022-01-22T12:28:02.232161-00:00 0 [System] [MY-011323] [Server] X Plugin ready for connections. Bind-address: '::' port: 33060, socket: /var/run/mysqld/mysqlx.sock
2022-01-22T12:28:02.234101-00:00 0 [System] [MY-010931] [Server] /usr/sbin/mysqld: ready for connections. Version: '8.0.27'  socket: '/var/run/mysqld/mysqld.sock'  port: 3306  MySQL Community Server - GPL.
2022-01-30T04:12:15.370773-00:00 0 [System] [MY-010116] [Server] /usr/sbin/mysqld (mysqld 8.0.27) starting as process 1
2022-01-30T04:12:15.399441-00:00 0 [Warning] [MY-010159] [Server] Setting lower_case_table_names=2 because file system for /var/lib/mysql/ is case insensitive
2022-01-30T04:12:15.537450-00:00 1 [System] [MY-013576] [InnoDB] InnoDB initialization has started.
2022-01-30T04:12:19.363399-00:00 1 [System] [MY-013577] [InnoDB] InnoDB initialization has ended.
2022-01-30T04:12:20.776375-00:00 0 [System] [MY-010229] [Server] Starting XA crash recovery...
2022-01-30T04:12:20.784694-00:00 0 [System] [MY-010232] [Server] XA crash recovery finished.
2022-01-30T04:12:20.919961-00:00 0 [Warning] [MY-013746] [Server] A deprecated TLS version TLSv1 is enabled for channel mysql_main
2022-01-30T04:12:20.920446-00:00 0 [Warning] [MY-013746] [Server] A deprecated TLS version TLSv1.1 is enabled for channel mysql_main
2022-01-30T04:12:20.957710-00:00 0 [Warning] [MY-010068] [Server] CA certificate ca.pem is self signed.
2022-01-30T04:12:20.958537-00:00 0 [System] [MY-013602] [Server] Channel mysql_main configured to support TLS. Encrypted connections are now supported for this channel.
2022-01-30T04:12:20.994853-00:00 0 [Warning] [MY-011810] [Server] Insecure configuration for --pid-file: Location '/var/run/mysqld' in the path is accessible to all OS users. Consider choosing a different directory.
2022-01-30T04:12:21.090092-00:00 0 [System] [MY-011323] [Server] X Plugin ready for connections. Bind-address: '::' port: 33060, socket: /var/run/mysqld/mysqlx.sock
2022-01-30T04:12:21.090354-00:00 0 [System] [MY-010931] [Server] /usr/sbin/mysqld: ready for connections. Version: '8.0.27'  socket: '/var/run/mysqld/mysqld.sock'  port: 3306  MySQL Community Server - GPL.
2022-01-30T15:59:57.937835-00:00 0 [System] [MY-010116] [Server] /usr/sbin/mysqld (mysqld 8.0.28) starting as process 1
2022-01-30T15:59:57.962202-00:00 0 [Warning] [MY-010159] [Server] Setting lower_case_table_names=2 because file system for /var/lib/mysql/ is case insensitive
2022-01-30T15:59:58.061846-00:00 1 [System] [MY-013576] [InnoDB] InnoDB initialization has started.
2022-01-30T15:59:58.126460-00:00 1 [ERROR] [MY-012585] [InnoDB] Linux Native AIO interface is not supported on this platform. Please check your OS documentation and install appropriate binary of InnoDB.
2022-01-30T15:59:58.128493-00:00 1 [Warning] [MY-012654] [InnoDB] Linux Native AIO disabled.
2022-01-30T15:59:59.572616-00:00 1 [System] [MY-013577] [InnoDB] InnoDB initialization has ended.
2022-01-30T16:00:06.902523-00:00 4 [System] [MY-013381] [Server] Server upgrade from '80027' to '80028' started.
2022-01-30T16:00:30.290735-00:00 4 [System] [MY-013381] [Server] Server upgrade from '80027' to '80028' completed.
2022-01-30T16:00:30.531125-00:00 0 [System] [MY-010229] [Server] Starting XA crash recovery...
2022-01-30T16:00:30.543831-00:00 0 [System] [MY-010232] [Server] XA crash recovery finished.
2022-01-30T16:00:30.727787-00:00 0 [Warning] [MY-010068] [Server] CA certificate ca.pem is self signed.
2022-01-30T16:00:30.729041-00:00 0 [System] [MY-013602] [Server] Channel mysql_main configured to support TLS. Encrypted connections are now supported for this channel.
2022-01-30T16:00:30.740378-00:00 0 [Warning] [MY-011810] [Server] Insecure configuration for --pid-file: Location '/var/run/mysqld' in the path is accessible to all OS users. Consider choosing a different directory.
2022-01-30T16:00:30.853841-00:00 0 [System] [MY-011323] [Server] X Plugin ready for connections. Bind-address: '::' port: 33060, socket: /var/run/mysqld/mysqlx.sock
2022-01-30T16:00:30.854459-00:00 0 [System] [MY-010931] [Server] /usr/sbin/mysqld: ready for connections. Version: '8.0.28'  socket: '/var/run/mysqld/mysqld.sock'  port: 3306  MySQL Community Server - GPL.
2022-01-30T16:02:32.060103-00:00 0 [System] [MY-013172] [Server] Received SHUTDOWN from user <via user signal>. Shutting down mysqld (Version: 8.0.28).
2022-01-30T16:02:33.629469-00:00 0 [System] [MY-010910] [Server] /usr/sbin/mysqld: Shutdown complete (mysqld 8.0.28)  MySQL Community Server - GPL.
2022-01-30T16:03:13.957078-00:00 0 [System] [MY-010116] [Server] /usr/sbin/mysqld (mysqld 8.0.28) starting as process 1
2022-01-30T16:03:13.981039-00:00 0 [Warning] [MY-010159] [Server] Setting lower_case_table_names=2 because file system for /var/lib/mysql/ is case insensitive
2022-01-30T16:03:14.075445-00:00 1 [System] [MY-013576] [InnoDB] InnoDB initialization has started.
2022-01-30T16:03:14.140070-00:00 1 [ERROR] [MY-012585] [InnoDB] Linux Native AIO interface is not supported on this platform. Please check your OS documentation and install appropriate binary of InnoDB.
2022-01-30T16:03:14.140998-00:00 1 [Warning] [MY-012654] [InnoDB] Linux Native AIO disabled.
2022-01-30T16:03:15.258902-00:00 1 [System] [MY-013577] [InnoDB] InnoDB initialization has ended.
2022-01-30T16:03:16.463162-00:00 0 [Warning] [MY-010068] [Server] CA certificate ca.pem is self signed.
2022-01-30T16:03:16.464775-00:00 0 [System] [MY-013602] [Server] Channel mysql_main configured to support TLS. Encrypted connections are now supported for this channel.
2022-01-30T16:03:16.488186-00:00 0 [Warning] [MY-011810] [Server] Insecure configuration for --pid-file: Location '/var/run/mysqld' in the path is accessible to all OS users. Consider choosing a different directory.
2022-01-30T16:03:16.757639-00:00 0 [System] [MY-011323] [Server] X Plugin ready for connections. Bind-address: '::' port: 33060, socket: /var/run/mysqld/mysqlx.sock
2022-01-30T16:03:16.759452-00:00 0 [System] [MY-010931] [Server] /usr/sbin/mysqld: ready for connections. Version: '8.0.28'  socket: '/var/run/mysqld/mysqld.sock'  port: 3306  MySQL Community Server - GPL.
2022-01-31T10:51:29.137989-00:00 0 [System] [MY-013172] [Server] Received SHUTDOWN from user <via user signal>. Shutting down mysqld (Version: 8.0.28).
2022-01-31T10:51:30.027143-00:00 0 [System] [MY-010910] [Server] /usr/sbin/mysqld: Shutdown complete (mysqld 8.0.28)  MySQL Community Server - GPL.
2022-02-01T12:35:34.605266-00:00 0 [System] [MY-010116] [Server] /usr/sbin/mysqld (mysqld 8.0.28) starting as process 1
2022-02-01T12:35:34.631452-00:00 0 [Warning] [MY-010159] [Server] Setting lower_case_table_names=2 because file system for /var/lib/mysql/ is case insensitive
2022-02-01T12:35:34.728901-00:00 1 [System] [MY-013576] [InnoDB] InnoDB initialization has started.
2022-02-01T12:35:34.795681-00:00 1 [ERROR] [MY-012585] [InnoDB] Linux Native AIO interface is not supported on this platform. Please check your OS documentation and install appropriate binary of InnoDB.
2022-02-01T12:35:34.796855-00:00 1 [Warning] [MY-012654] [InnoDB] Linux Native AIO disabled.
2022-02-01T12:35:36.190894-00:00 1 [System] [MY-013577] [InnoDB] InnoDB initialization has ended.
2022-02-01T12:35:37.260910-00:00 0 [Warning] [MY-010068] [Server] CA certificate ca.pem is self signed.
2022-02-01T12:35:37.264566-00:00 0 [System] [MY-013602] [Server] Channel mysql_main configured to support TLS. Encrypted connections are now supported for this channel.
2022-02-01T12:35:37.290819-00:00 0 [Warning] [MY-011810] [Server] Insecure configuration for --pid-file: Location '/var/run/mysqld' in the path is accessible to all OS users. Consider choosing a different directory.
2022-02-01T12:35:37.555691-00:00 0 [System] [MY-011323] [Server] X Plugin ready for connections. Bind-address: '::' port: 33060, socket: /var/run/mysqld/mysqlx.sock
2022-02-01T12:35:37.555936-00:00 0 [System] [MY-010931] [Server] /usr/sbin/mysqld: ready for connections. Version: '8.0.28'  socket: '/var/run/mysqld/mysqld.sock'  port: 3306  MySQL Community Server - GPL.
2022-02-02T03:39:28.346883-00:00 0 [System] [MY-013172] [Server] Received SHUTDOWN from user <via user signal>. Shutting down mysqld (Version: 8.0.28).
2022-02-02T03:39:30.387943-00:00 0 [Warning] [MY-010909] [Server] /usr/sbin/mysqld: Forcing close of thread 48  user: 'root'.
2022-02-02T03:39:30.997422-00:00 0 [System] [MY-010910] [Server] /usr/sbin/mysqld: Shutdown complete (mysqld 8.0.28)  MySQL Community Server - GPL.
2022-02-02T14:42:56.647419-00:00 0 [System] [MY-010116] [Server] /usr/sbin/mysqld (mysqld 8.0.28) starting as process 1
2022-02-02T14:42:56.671491-00:00 0 [Warning] [MY-010159] [Server] Setting lower_case_table_names=2 because file system for /var/lib/mysql/ is case insensitive
2022-02-02T14:42:56.773501-00:00 1 [System] [MY-013576] [InnoDB] InnoDB initialization has started.
2022-02-02T14:42:56.839556-00:00 1 [ERROR] [MY-012585] [InnoDB] Linux Native AIO interface is not supported on this platform. Please check your OS documentation and install appropriate binary of InnoDB.
2022-02-02T14:42:56.840570-00:00 1 [Warning] [MY-012654] [InnoDB] Linux Native AIO disabled.
2022-02-02T14:42:58.057735-00:00 1 [System] [MY-013577] [InnoDB] InnoDB initialization has ended.
2022-02-02T14:42:59.148619-00:00 0 [Warning] [MY-010068] [Server] CA certificate ca.pem is self signed.
2022-02-02T14:42:59.153083-00:00 0 [System] [MY-013602] [Server] Channel mysql_main configured to support TLS. Encrypted connections are now supported for this channel.
2022-02-02T14:42:59.172185-00:00 0 [Warning] [MY-011810] [Server] Insecure configuration for --pid-file: Location '/var/run/mysqld' in the path is accessible to all OS users. Consider choosing a different directory.
2022-02-02T14:42:59.396054-00:00 0 [System] [MY-011323] [Server] X Plugin ready for connections. Bind-address: '::' port: 33060, socket: /var/run/mysqld/mysqlx.sock
2022-02-02T14:42:59.398166-00:00 0 [System] [MY-010931] [Server] /usr/sbin/mysqld: ready for connections. Version: '8.0.28'  socket: '/var/run/mysqld/mysqld.sock'  port: 3306  MySQL Community Server - GPL.
2022-02-03T02:20:09.503706-00:00 0 [System] [MY-013172] [Server] Received SHUTDOWN from user <via user signal>. Shutting down mysqld (Version: 8.0.28).
2022-02-03T02:20:10.067964-00:00 0 [System] [MY-010910] [Server] /usr/sbin/mysqld: Shutdown complete (mysqld 8.0.28)  MySQL Community Server - GPL.
2022-02-10T15:28:08.314107-00:00 0 [System] [MY-010116] [Server] /usr/sbin/mysqld (mysqld 8.0.28) starting as process 1
2022-02-10T15:28:08.339298-00:00 0 [Warning] [MY-010159] [Server] Setting lower_case_table_names=2 because file system for /var/lib/mysql/ is case insensitive
2022-02-10T15:28:08.446255-00:00 1 [System] [MY-013576] [InnoDB] InnoDB initialization has started.
2022-02-10T15:28:08.516244-00:00 1 [ERROR] [MY-012585] [InnoDB] Linux Native AIO interface is not supported on this platform. Please check your OS documentation and install appropriate binary of InnoDB.
2022-02-10T15:28:08.517566-00:00 1 [Warning] [MY-012654] [InnoDB] Linux Native AIO disabled.
2022-02-10T15:28:09.818642-00:00 1 [System] [MY-013577] [InnoDB] InnoDB initialization has ended.
2022-02-10T15:28:10.961206-00:00 0 [Warning] [MY-010068] [Server] CA certificate ca.pem is self signed.
2022-02-10T15:28:10.962687-00:00 0 [System] [MY-013602] [Server] Channel mysql_main configured to support TLS. Encrypted connections are now supported for this channel.
2022-02-10T15:28:10.978298-00:00 0 [Warning] [MY-011810] [Server] Insecure configuration for --pid-file: Location '/var/run/mysqld' in the path is accessible to all OS users. Consider choosing a different directory.
2022-02-10T15:28:11.213681-00:00 0 [System] [MY-011323] [Server] X Plugin ready for connections. Bind-address: '::' port: 33060, socket: /var/run/mysqld/mysqlx.sock
2022-02-10T15:28:11.217482-00:00 0 [System] [MY-010931] [Server] /usr/sbin/mysqld: ready for connections. Version: '8.0.28'  socket: '/var/run/mysqld/mysqld.sock'  port: 3306  MySQL Community Server - GPL.
2022-02-11T01:58:53.350255-00:00 0 [System] [MY-013172] [Server] Received SHUTDOWN from user <via user signal>. Shutting down mysqld (Version: 8.0.28).
2022-02-11T01:58:53.820825-00:00 0 [System] [MY-010910] [Server] /usr/sbin/mysqld: Shutdown complete (mysqld 8.0.28)  MySQL Community Server - GPL.
2022-02-23T14:38:53.874557-00:00 0 [System] [MY-010116] [Server] /usr/sbin/mysqld (mysqld 8.0.28) starting as process 1
2022-02-23T14:38:53.904255-00:00 0 [Warning] [MY-010159] [Server] Setting lower_case_table_names=2 because file system for /var/lib/mysql/ is case insensitive
2022-02-23T14:38:54.023733-00:00 1 [System] [MY-013576] [InnoDB] InnoDB initialization has started.
2022-02-23T14:38:54.111533-00:00 1 [ERROR] [MY-012585] [InnoDB] Linux Native AIO interface is not supported on this platform. Please check your OS documentation and install appropriate binary of InnoDB.
2022-02-23T14:38:54.112550-00:00 1 [Warning] [MY-012654] [InnoDB] Linux Native AIO disabled.
2022-02-23T14:38:55.518506-00:00 1 [System] [MY-013577] [InnoDB] InnoDB initialization has ended.
2022-02-23T14:38:56.665841-00:00 0 [Warning] [MY-010068] [Server] CA certificate ca.pem is self signed.
2022-02-23T14:38:56.667734-00:00 0 [System] [MY-013602] [Server] Channel mysql_main configured to support TLS. Encrypted connections are now supported for this channel.
2022-02-23T14:38:56.694034-00:00 0 [Warning] [MY-011810] [Server] Insecure configuration for --pid-file: Location '/var/run/mysqld' in the path is accessible to all OS users. Consider choosing a different directory.
2022-02-23T14:38:56.951485-00:00 0 [System] [MY-010931] [Server] /usr/sbin/mysqld: ready for connections. Version: '8.0.28'  socket: '/var/run/mysqld/mysqld.sock'  port: 3306  MySQL Community Server - GPL.
2022-02-23T14:38:56.951730-00:00 0 [System] [MY-011323] [Server] X Plugin ready for connections. Bind-address: '::' port: 33060, socket: /var/run/mysqld/mysqlx.sock
2022-02-25T02:21:29.259303-00:00 0 [System] [MY-013172] [Server] Received SHUTDOWN from user <via user signal>. Shutting down mysqld (Version: 8.0.28).
2022-02-25T02:21:30.466696-00:00 0 [System] [MY-010910] [Server] /usr/sbin/mysqld: Shutdown complete (mysqld 8.0.28)  MySQL Community Server - GPL.
2022-02-26T12:02:27.817561-00:00 0 [System] [MY-010116] [Server] /usr/sbin/mysqld (mysqld 8.0.28) starting as process 1
2022-02-26T12:02:27.842734-00:00 0 [Warning] [MY-010159] [Server] Setting lower_case_table_names=2 because file system for /var/lib/mysql/ is case insensitive
2022-02-26T12:02:27.944816-00:00 1 [System] [MY-013576] [InnoDB] InnoDB initialization has started.
2022-02-26T12:02:28.018866-00:00 1 [ERROR] [MY-012585] [InnoDB] Linux Native AIO interface is not supported on this platform. Please check your OS documentation and install appropriate binary of InnoDB.
2022-02-26T12:02:28.019783-00:00 1 [Warning] [MY-012654] [InnoDB] Linux Native AIO disabled.
2022-02-26T12:02:29.395388-00:00 1 [System] [MY-013577] [InnoDB] InnoDB initialization has ended.
2022-02-26T12:02:30.518570-00:00 0 [Warning] [MY-010068] [Server] CA certificate ca.pem is self signed.
2022-02-26T12:02:30.520565-00:00 0 [System] [MY-013602] [Server] Channel mysql_main configured to support TLS. Encrypted connections are now supported for this channel.
2022-02-26T12:02:30.538399-00:00 0 [Warning] [MY-011810] [Server] Insecure configuration for --pid-file: Location '/var/run/mysqld' in the path is accessible to all OS users. Consider choosing a different directory.
2022-02-26T12:02:30.796488-00:00 0 [System] [MY-011323] [Server] X Plugin ready for connections. Bind-address: '::' port: 33060, socket: /var/run/mysqld/mysqlx.sock
2022-02-26T12:02:30.798404-00:00 0 [System] [MY-010931] [Server] /usr/sbin/mysqld: ready for connections. Version: '8.0.28'  socket: '/var/run/mysqld/mysqld.sock'  port: 3306  MySQL Community Server - GPL.
